<?xml version="1.0" encoding="utf-8"?><testsuites name="pytest tests"><testsuite name="pytest" errors="0" failures="0" skipped="0" tests="5" time="8.491" timestamp="2026-08-01T07:10:08.101657+00:00" hostname="agent-env-47ae8a7d-f2ae-4ce6-be39-0229474c96e0"><testcase classname="backend.tests.test_aramya_leads" name="test_aramya_lead_full_payload" time="0.920" /><testcase classname="backend.tests.test_aramya_leads" name="test_homepage_lead_without_form_field_regression" time="0.296" /><testcase classname="backend.tests.test_aramya_leads" name="test_site_visit_source_regression" time="0.331" /><testcase classname="backend.tests.test_aramya_leads" name="test_aramya_lead_visible_in_admin_api" time="4.533" /><testcase classname="backend.tests.test_aramya_leads" name="test_aramya_lead_persisted_in_mongo" time="2.344" /></testsuite></testsuites>