<?xml version="1.0" encoding="utf-8"?><testsuites name="pytest tests"><testsuite name="pytest" errors="0" failures="0" skipped="0" tests="12" time="15.688" timestamp="2026-08-01T08:43:18.625869+00:00" hostname="agent-env-47ae8a7d-f2ae-4ce6-be39-0229474c96e0"><testcase classname="backend.tests.test_blogs" name="test_public_list_blogs" time="3.589" /><testcase classname="backend.tests.test_blogs" name="test_public_get_seeded_blog" time="0.334" /><testcase classname="backend.tests.test_blogs" name="test_public_get_nonexistent" time="0.581" /><testcase classname="backend.tests.test_blogs" name="test_admin_create_blog" time="1.068" /><testcase classname="backend.tests.test_blogs" name="test_admin_list_includes_drafts" time="0.732" /><testcase classname="backend.tests.test_blogs" name="test_admin_get_detail" time="0.618" /><testcase classname="backend.tests.test_blogs" name="test_admin_update_blog" time="1.441" /><testcase classname="backend.tests.test_blogs" name="test_admin_publish_blog" time="1.402" /><testcase classname="backend.tests.test_blogs" name="test_public_sees_published" time="0.949" /><testcase classname="backend.tests.test_blogs" name="test_admin_delete_blog" time="1.185" /><testcase classname="backend.tests.test_blogs" name="test_slug_uniqueness" time="1.893" /><testcase classname="backend.tests.test_blogs" name="test_sitemap_includes_blogs" time="1.807" /></testsuite></testsuites>