<?xml version="1.0" encoding="utf-8"?><testsuites name="pytest tests"><testsuite name="pytest" errors="0" failures="0" skipped="1" tests="8" time="9.055" timestamp="2026-08-01T10:32:07.303142+00:00" hostname="agent-env-47ae8a7d-f2ae-4ce6-be39-0229474c96e0"><testcase classname="backend.tests.test_performance.TestGzip" name="test_gzip_content_encoding[/api/blogs]" time="0.492" /><testcase classname="backend.tests.test_performance.TestGzip" name="test_gzip_content_encoding[/api/properties]" time="0.831" /><testcase classname="backend.tests.test_performance.TestGzip" name="test_gzip_content_encoding[/api/news/all]" time="5.073" /><testcase classname="backend.tests.test_performance.TestWebp" name="test_desktop_webp_hero" time="0.162" /><testcase classname="backend.tests.test_performance.TestWebp" name="test_mobile_webp_hero" time="0.138" /><testcase classname="backend.tests.test_performance.TestWebp" name="test_all_hero_webp_pairs_exist" time="1.137" /><testcase classname="backend.tests.test_performance.TestCacheControl" name="test_cache_control_header_on_uploaded_file" time="0.822"><skipped type="pytest.skip" message="No uploaded /api/files/* image found on any property (N/A)">/app/backend/tests/test_performance.py:98: No uploaded /api/files/* image found on any property (N/A)</skipped></testcase><testcase classname="backend.tests.test_performance.TestTtfb" name="test_blogs_endpoint_under_1500ms" time="0.337" /></testsuite></testsuites>