<?xml version="1.0" encoding="utf-8"?><testsuites name="pytest tests"><testsuite name="pytest" errors="0" failures="0" skipped="0" tests="5" time="1.205" timestamp="2026-06-02T14:36:35.949219+00:00" hostname="agent-env-47ae8a7d-f2ae-4ce6-be39-0229474c96e0"><testcase classname="backend.tests.test_market_intelligence" name="test_news_all_returns_min_50" time="0.845" /><testcase classname="backend.tests.test_market_intelligence" name="test_news_all_required_fields" time="0.000" /><testcase classname="backend.tests.test_market_intelligence" name="test_multi_tag_classification" time="0.000" /><testcase classname="backend.tests.test_market_intelligence" name="test_country_distribution" time="0.000" /><testcase classname="backend.tests.test_market_intelligence" name="test_news_trending_up_to_12" time="0.206" /></testsuite></testsuites>